<?xml version="1.0" encoding="UTF-8"?>
<!-- Generated by org.testng.reporters.JUnitReportReporter -->
<testsuite hostname="LAPTOP-TFKS32F3" failures="0" tests="5" name="rest_Assured.Class_1" time="3.331" errors="0" timestamp="2023-01-02T15:14:21 IST" skipped="4">
  <testcase classname="rest_Assured.Class_1" name="delete" time="3.331"/>
  <system-out/>
  <testcase classname="rest_Assured.Class_1" name="post_method">
    <skipped/>
  </testcase> <!-- post_method -->
  <system-out/>
  <testcase classname="rest_Assured.Class_1" name="responce">
    <skipped/>
  </testcase> <!-- responce -->
  <system-out/>
  <testcase classname="rest_Assured.Class_1" name="User_List">
    <skipped/>
  </testcase> <!-- User_List -->
  <system-out/>
  <testcase classname="rest_Assured.Class_1" name="Put">
    <skipped/>
  </testcase> <!-- Put -->
  <system-out/>
</testsuite> <!-- rest_Assured.Class_1 -->
