<?xml version="1.0" encoding="UTF-8"?>
<!-- Generated by org.testng.reporters.JUnitReportReporter -->
<testsuite hostname="LAPTOP-TFKS32F3" failures="0" tests="4" name="rest_Assured.Trello_Api" time="7.076" errors="0" timestamp="2023-01-03T14:55:26 IST" skipped="0">
  <testcase classname="rest_Assured.Trello_Api" name="Create_Board" time="4.267"/>
  <system-out/>
  <testcase classname="rest_Assured.Trello_Api" name="Get_Board" time="0.665"/>
  <system-out/>
  <testcase classname="rest_Assured.Trello_Api" name="Update_Board" time="0.724"/>
  <system-out/>
  <testcase classname="rest_Assured.Trello_Api" name="Delete_Board" time="1.420"/>
  <system-out/>
</testsuite> <!-- rest_Assured.Trello_Api -->
